<?xml version="1.0" encoding="UTF-8"?>
<testng-results ignored="0" total="1" passed="1" failed="0" skipped="0">
  <reporter-output>
  </reporter-output>
  <suite started-at="2023-01-03T14:19:06 IST" name="Default suite" finished-at="2023-01-03T14:19:28 IST" duration-ms="21992">
    <groups>
    </groups>
    <test started-at="2023-01-03T14:19:06 IST" name="Default test" finished-at="2023-01-03T14:19:28 IST" duration-ms="21992">
      <class name="swd.GetAllGoogleAppNames">
        <test-method signature="navigateThroughTabsAndGetTitle()[pri:0, instance:swd.GetAllGoogleAppNames@16a0ee18]" started-at="2023-01-03T14:19:06 IST" name="navigateThroughTabsAndGetTitle" finished-at="2023-01-03T14:19:28 IST" duration-ms="21882" status="PASS">
          <reporter-output>
          </reporter-output>
        </test-method> <!-- navigateThroughTabsAndGetTitle -->
      </class> <!-- swd.GetAllGoogleAppNames -->
    </test> <!-- Default test -->
  </suite> <!-- Default suite -->
</testng-results>
